[debug] [2024-03-23T12:15:51.174Z] ----------------------------------------------------------------------
[debug] [2024-03-23T12:15:51.179Z] Command:       C:\Program Files\nodejs\node.exe C:\Program Files\nodejs\node_modules\firebase-tools\lib\bin\firebase.js serve
[debug] [2024-03-23T12:15:51.181Z] CLI Version:   13.3.1
[debug] [2024-03-23T12:15:51.181Z] Platform:      win32
[debug] [2024-03-23T12:15:51.181Z] Node Version:  v20.11.1
[debug] [2024-03-23T12:15:51.182Z] Time:          Sat Mar 23 2024 15:15:51 GMT+0300 (GMT+03:00)
[debug] [2024-03-23T12:15:51.182Z] ----------------------------------------------------------------------
[debug] 
[debug] [2024-03-23T12:15:51.402Z] > command requires scopes: ["email","openid","https://www.googleapis.com/auth/cloudplatformprojects.readonly","https://www.googleapis.com/auth/firebase","https://www.googleapis.com/auth/cloud-platform"]
[debug] [2024-03-23T12:15:51.403Z] > authorizing via signed-in user (amine.gynk@gmail.com)
[debug] [2024-03-23T12:15:51.403Z] [iam] checking project trendify-fakestore for permissions ["firebase.projects.get"]
[debug] [2024-03-23T12:15:51.406Z] >>> [apiv2][query] POST https://cloudresourcemanager.googleapis.com/v1/projects/trendify-fakestore:testIamPermissions [none]
[debug] [2024-03-23T12:15:51.407Z] >>> [apiv2][(partial)header] POST https://cloudresourcemanager.googleapis.com/v1/projects/trendify-fakestore:testIamPermissions x-goog-quota-user=projects/trendify-fakestore
[debug] [2024-03-23T12:15:51.407Z] >>> [apiv2][body] POST https://cloudresourcemanager.googleapis.com/v1/projects/trendify-fakestore:testIamPermissions {"permissions":["firebase.projects.get"]}
[debug] [2024-03-23T12:15:52.464Z] <<< [apiv2][status] POST https://cloudresourcemanager.googleapis.com/v1/projects/trendify-fakestore:testIamPermissions 200
[debug] [2024-03-23T12:15:52.465Z] <<< [apiv2][body] POST https://cloudresourcemanager.googleapis.com/v1/projects/trendify-fakestore:testIamPermissions {"permissions":["firebase.projects.get"]}
[debug] [2024-03-23T12:15:52.467Z] >>> [apiv2][query] GET https://firebase.googleapis.com/v1beta1/projects/trendify-fakestore [none]
[debug] [2024-03-23T12:15:52.840Z] <<< [apiv2][status] GET https://firebase.googleapis.com/v1beta1/projects/trendify-fakestore 200
[debug] [2024-03-23T12:15:52.841Z] <<< [apiv2][body] GET https://firebase.googleapis.com/v1beta1/projects/trendify-fakestore {"projectId":"trendify-fakestore","projectNumber":"443255084818","displayName":"trendify-fakeStore","name":"projects/trendify-fakestore","resources":{"hostingSite":"trendify-fakestore"},"state":"ACTIVE","etag":"1_3f7f6a6c-fe50-43df-a637-aafff77e4ff8"}
[info] 
[info] === Serving from 'D:\my_beautiful_projects_workspace\trendify\trendify'...
[info] 
[debug] [2024-03-23T12:15:52.856Z] >>> [apiv2][query] GET https://firebasehosting.googleapis.com/v1beta1/projects/trendify-fakestore/sites 
[debug] [2024-03-23T12:15:54.232Z] <<< [apiv2][status] GET https://firebasehosting.googleapis.com/v1beta1/projects/trendify-fakestore/sites 200
[debug] [2024-03-23T12:15:54.232Z] <<< [apiv2][body] GET https://firebasehosting.googleapis.com/v1beta1/projects/trendify-fakestore/sites {"sites":[{"name":"projects/trendify-fakestore/sites/trendify-fakestore","defaultUrl":"https://trendify-fakestore.web.app","type":"DEFAULT_SITE"}]}
[debug] [2024-03-23T12:15:54.233Z] >>> [apiv2][query] GET https://firebase.googleapis.com/v1beta1/projects/trendify-fakestore/webApps/-/config [none]
[debug] [2024-03-23T12:15:54.771Z] <<< [apiv2][status] GET https://firebase.googleapis.com/v1beta1/projects/trendify-fakestore/webApps/-/config 200
[debug] [2024-03-23T12:15:54.772Z] <<< [apiv2][body] GET https://firebase.googleapis.com/v1beta1/projects/trendify-fakestore/webApps/-/config {"projectId":"trendify-fakestore","storageBucket":"trendify-fakestore.appspot.com","apiKey":"AIzaSyC4xYhLOsNM5_xleFxNj40ShZgOeItm7Fo","authDomain":"trendify-fakestore.firebaseapp.com","messagingSenderId":"443255084818"}
[debug] [2024-03-23T12:15:54.782Z] >>> [apiv2][query] GET https://firebase.googleapis.com/v1beta1/projects/trendify-fakestore [none]
[debug] [2024-03-23T12:15:55.035Z] <<< [apiv2][status] GET https://firebase.googleapis.com/v1beta1/projects/trendify-fakestore 200
[debug] [2024-03-23T12:15:55.035Z] <<< [apiv2][body] GET https://firebase.googleapis.com/v1beta1/projects/trendify-fakestore {"projectId":"trendify-fakestore","projectNumber":"443255084818","displayName":"trendify-fakeStore","name":"projects/trendify-fakestore","resources":{"hostingSite":"trendify-fakestore"},"state":"ACTIVE","etag":"1_3f7f6a6c-fe50-43df-a637-aafff77e4ff8"}
[info] i  hosting[trendify-fakestore]: Serving hosting files from: public {"metadata":{"emulator":{"name":"hosting"},"message":"Serving hosting files from: \u001b[1mpublic\u001b[22m"}}
[info] +  hosting[trendify-fakestore]: Local server: http://localhost:5000 {"metadata":{"emulator":{"name":"hosting"},"message":"Local server: \u001b[4m\u001b[1mhttp://localhost:5000\u001b[22m\u001b[24m"}}
